gpuimage/build/outputs/logs/manifest-merger-debug-report.txt
-- Merging decision tree log ---
manifest
ADDED from Outstagram/gpuimage/AndroidManifest.xml:2:1-4:12
INJECTED from Outstagram/gpuimage/AndroidManifest.xml:2:1-4:12
INJECTED from Outstagram/gpuimage/AndroidManifest.xml:2:1-4:12
INJECTED from Outstagram/gpuimage/AndroidManifest.xml:2:1-4:12
INJECTED from Outstagram/gpuimage/AndroidManifest.xml:2:1-4:12
INJECTED from Outstagram/gpuimage/AndroidManifest.xml:2:1-4:12
INJECTED from Outstagram/gpuimage/AndroidManifest.xml:2:1-4:12
	package
		ADDED from Outstagram/gpuimage/AndroidManifest.xml:3:5-48
		INJECTED from Outstagram/gpuimage/AndroidManifest.xml
		INJECTED from Outstagram/gpuimage/AndroidManifest.xml
	android:versionName
		INJECTED from Outstagram/gpuimage/AndroidManifest.xml
		ADDED from Outstagram/gpuimage/AndroidManifest.xml:2:1-4:12
		INJECTED from Outstagram/gpuimage/AndroidManifest.xml
	android:versionCode
		INJECTED from Outstagram/gpuimage/AndroidManifest.xml
		ADDED from Outstagram/gpuimage/AndroidManifest.xml:2:1-4:12
		INJECTED from Outstagram/gpuimage/AndroidManifest.xml